Using pre-set license
Built from '2020.3/staging' branch; Version is '2020.3.17f1 (a4537701e4ab) revision 10769271'; Using compiler version '192528614'; Build Type 'Release'
OS: 'Windows 10 Pro; OS build 22494.1000; Version 2009; 64bit' Language: 'ko' Physical Memory: 16328 MB
BatchMode: 1, IsHumanControllingUs: 0, StartBugReporterOnCrash: 0, Is64bit: 1, IsPro: 0

COMMAND LINE ARGUMENTS:
C:\Program Files\Unity\2020.3.17f1\Editor\Unity.exe
-adb2
-batchMode
-noUpm
-name
AssetImportWorker0
-projectPath
C:/Users/cksdu/Desktop/VR_Project/VR_Programing
-logFile
Logs/AssetImportWorker0.log
-srvPort
2050
Successfully changed project path to: C:/Users/cksdu/Desktop/VR_Project/VR_Programing
C:/Users/cksdu/Desktop/VR_Project/VR_Programing
Using Asset Import Pipeline V2.
Refreshing native plugins compatible for Editor in 35.75 ms, found 3 plugins.
Preloading 0 native plugins for Editor in 0.00 ms.
Initialize engine version: 2020.3.17f1 (a4537701e4ab)
[Subsystems] Discovering subsystems at path C:/Program Files/Unity/2020.3.17f1/Editor/Data/Resources/UnitySubsystems
[Subsystems] Discovering subsystems at path C:/Users/cksdu/Desktop/VR_Project/VR_Programing/Assets
GfxDevice: creating device client; threaded=0
Direct3D:
    Version:  Direct3D 11.0 [level 11.1]
    Renderer: NVIDIA GeForce RTX 3060 Ti (ID=0x2489)
    Vendor:   
    VRAM:     8050 MB
    Driver:   30.0.14.9613
Initialize mono
Mono path[0] = 'C:/Program Files/Unity/2020.3.17f1/Editor/Data/Managed'
Mono path[1] = 'C:/Program Files/Unity/2020.3.17f1/Editor/Data/MonoBleedingEdge/lib/mono/unityjit'
Mono config path = 'C:/Program Files/Unity/2020.3.17f1/Editor/Data/MonoBleedingEdge/etc'
Using monoOptions --debugger-agent=transport=dt_socket,embedding=1,server=y,suspend=n,address=127.0.0.1:56992
Begin MonoManager ReloadAssembly
Registering precompiled unity dll's ...
Register platform support module: C:/Program Files/Unity/2020.3.17f1/Editor/Data/PlaybackEngines/WindowsStandaloneSupport/UnityEditor.WindowsStandalone.Extensions.dll
Registered in 0.001620 seconds.
Native extension for WindowsStandalone target not found
Refreshing native plugins compatible for Editor in 31.96 ms, found 3 plugins.
Preloading 0 native plugins for Editor in 0.00 ms.
Mono: successfully reloaded assembly
- Completed reload, in  1.560 seconds
Domain Reload Profiling:
	ReloadAssembly (1560ms)
		BeginReloadAssembly (50ms)
			ExecutionOrderSort (0ms)
			DisableScriptedObjects (0ms)
			BackupInstance (0ms)
			ReleaseScriptingObjects (0ms)
			CreateAndSetChildDomain (1ms)
		EndReloadAssembly (305ms)
			LoadAssemblies (48ms)
			RebuildTransferFunctionScriptingTraits (0ms)
			SetupTypeCache (99ms)
			ReleaseScriptCaches (0ms)
			RebuildScriptCaches (20ms)
			SetupLoadedEditorAssemblies (126ms)
				LogAssemblyErrors (0ms)
				InitializePlatformSupportModulesInManaged (3ms)
				SetLoadedEditorAssemblies (0ms)
				RefreshPlugins (32ms)
				BeforeProcessingInitializeOnLoad (12ms)
				ProcessInitializeOnLoadAttributes (56ms)
				ProcessInitializeOnLoadMethodAttributes (22ms)
				AfterProcessingInitializeOnLoad (0ms)
				EditorAssembliesLoaded (0ms)
			ExecutionOrderSort2 (0ms)
			AwakeInstancesAfterBackupRestoration (0ms)
Platform modules already initialized, skipping
Registering precompiled user dll's ...
Registered in 0.003768 seconds.
Begin MonoManager ReloadAssembly
Native extension for WindowsStandalone target not found
Refreshing native plugins compatible for Editor in 0.45 ms, found 3 plugins.
Preloading 0 native plugins for Editor in 0.00 ms.
Mono: successfully reloaded assembly
- Completed reload, in  0.858 seconds
Domain Reload Profiling:
	ReloadAssembly (858ms)
		BeginReloadAssembly (110ms)
			ExecutionOrderSort (0ms)
			DisableScriptedObjects (4ms)
			BackupInstance (0ms)
			ReleaseScriptingObjects (0ms)
			CreateAndSetChildDomain (15ms)
		EndReloadAssembly (701ms)
			LoadAssemblies (79ms)
			RebuildTransferFunctionScriptingTraits (0ms)
			SetupTypeCache (193ms)
			ReleaseScriptCaches (0ms)
			RebuildScriptCaches (32ms)
			SetupLoadedEditorAssemblies (336ms)
				LogAssemblyErrors (0ms)
				InitializePlatformSupportModulesInManaged (4ms)
				SetLoadedEditorAssemblies (0ms)
				RefreshPlugins (1ms)
				BeforeProcessingInitializeOnLoad (81ms)
				ProcessInitializeOnLoadAttributes (236ms)
				ProcessInitializeOnLoadMethodAttributes (7ms)
				AfterProcessingInitializeOnLoad (7ms)
				EditorAssembliesLoaded (0ms)
			ExecutionOrderSort2 (0ms)
			AwakeInstancesAfterBackupRestoration (5ms)
Platform modules already initialized, skipping
========================================================================
Worker process is ready to serve import requests
Launched and connected shader compiler UnityShaderCompiler.exe after 0.05 seconds
Refreshing native plugins compatible for Editor in 0.51 ms, found 3 plugins.
Preloading 0 native plugins for Editor in 0.00 ms.
Unloading 1994 Unused Serialized files (Serialized files now loaded: 0)
System memory in use before: 94.1 MB.
System memory in use after: 94.1 MB.

Unloading 24 unused Assets to reduce memory usage. Loaded Objects now: 2433.
Total: 2.290800 ms (FindLiveObjects: 0.134700 ms CreateObjectMapping: 0.037400 ms MarkObjects: 2.069900 ms  DeleteObjects: 0.047900 ms)

AssetImportParameters requested are different than current active one (requested -> active):
  custom:framework-win-MediaFoundation: 216162199b28c13a410421893ffa2e32 -> 
  custom:video-decoder-ogg-theora: a1e56fd34408186e4bbccfd4996cb3dc -> 
  custom:container-muxer-webm: aa71ff27fc2769a1b78a27578f13a17b -> 
  custom:container-demuxer-webm: 4f35f7cbe854078d1ac9338744f61a02 -> 
  custom:container-demuxer-ogg: 62fdf1f143b41e24485cea50d1cbac27 -> 
  custom:video-encoder-webm-vp8: eb34c28f22e8b96e1ab97ce403110664 -> 
  custom:video-decoder-webm-vp8: 9c59270c3fd7afecdb556c50c9e8de78 -> 
  custom:audio-decoder-ogg-vorbis: bf7c407c2cedff20999df2af8eb42d56 -> 
  custom:audio-encoder-webm-vorbis: bf7c407c2cedff20999df2af8eb42d56 -> 
========================================================================
Received Import Request.
  path: Assets/model/cave/Cave.prefab
  artifactKey: Guid(b54175e5a3c8a794e9fbfc6dbade4bbc) Importer(815301076,1909f56bfc062723c751e8b465ee728b)
Start importing Assets/model/cave/Cave.prefab using Guid(b54175e5a3c8a794e9fbfc6dbade4bbc) Importer(815301076,1909f56bfc062723c751e8b465ee728b)  -> (artifact id: 'edac4602017fe6ce30318ee300981483') in 0.111631 seconds 
  Import took 0.115443 seconds .

========================================================================
Received Import Request.
  Time since last request: 5.242539 seconds.
  path: Assets/model/cave/Cave.prefab
  artifactKey: Guid(b54175e5a3c8a794e9fbfc6dbade4bbc) Importer(815301076,1909f56bfc062723c751e8b465ee728b)
Start importing Assets/model/cave/Cave.prefab using Guid(b54175e5a3c8a794e9fbfc6dbade4bbc) Importer(815301076,1909f56bfc062723c751e8b465ee728b)  -> (artifact id: 'ca5d8dad11d4fdd438d39e6a0cfca984') in 0.025099 seconds 
  Import took 0.029163 seconds .

========================================================================
Received Import Request.
  Time since last request: 5.051823 seconds.
  path: Assets/model/cave/Cave.prefab
  artifactKey: Guid(b54175e5a3c8a794e9fbfc6dbade4bbc) Importer(815301076,1909f56bfc062723c751e8b465ee728b)
Start importing Assets/model/cave/Cave.prefab using Guid(b54175e5a3c8a794e9fbfc6dbade4bbc) Importer(815301076,1909f56bfc062723c751e8b465ee728b)  -> (artifact id: '02b0357be98d18523b280f9fe56f5a88') in 0.019606 seconds 
  Import took 0.024167 seconds .

========================================================================
Received Import Request.
  Time since last request: 21.961004 seconds.
  path: Assets/model/cave/Cave.prefab
  artifactKey: Guid(b54175e5a3c8a794e9fbfc6dbade4bbc) Importer(815301076,1909f56bfc062723c751e8b465ee728b)
Start importing Assets/model/cave/Cave.prefab using Guid(b54175e5a3c8a794e9fbfc6dbade4bbc) Importer(815301076,1909f56bfc062723c751e8b465ee728b)  -> (artifact id: 'e07434a5d317b7eb15b5a2d9cc981b36') in 0.018504 seconds 
  Import took 0.022086 seconds .

========================================================================
Received Import Request.
  Time since last request: 2.193535 seconds.
  path: Assets/model/cave/Cave.prefab
  artifactKey: Guid(b54175e5a3c8a794e9fbfc6dbade4bbc) Importer(815301076,1909f56bfc062723c751e8b465ee728b)
Start importing Assets/model/cave/Cave.prefab using Guid(b54175e5a3c8a794e9fbfc6dbade4bbc) Importer(815301076,1909f56bfc062723c751e8b465ee728b)  -> (artifact id: '2489799adbbadb8470e08337fbcc74c6') in 0.017633 seconds 
  Import took 0.021122 seconds .

========================================================================
Received Import Request.
  Time since last request: 5.050175 seconds.
  path: Assets/model/cave/Cave.prefab
  artifactKey: Guid(b54175e5a3c8a794e9fbfc6dbade4bbc) Importer(815301076,1909f56bfc062723c751e8b465ee728b)
Start importing Assets/model/cave/Cave.prefab using Guid(b54175e5a3c8a794e9fbfc6dbade4bbc) Importer(815301076,1909f56bfc062723c751e8b465ee728b)  -> (artifact id: '402e1432bfbce97af682268292921872') in 0.019657 seconds 
  Import took 0.023442 seconds .

========================================================================
Received Import Request.
  Time since last request: 1.387911 seconds.
  path: Assets/model/cave/Cave.prefab
  artifactKey: Guid(b54175e5a3c8a794e9fbfc6dbade4bbc) Importer(815301076,1909f56bfc062723c751e8b465ee728b)
Start importing Assets/model/cave/Cave.prefab using Guid(b54175e5a3c8a794e9fbfc6dbade4bbc) Importer(815301076,1909f56bfc062723c751e8b465ee728b)  -> (artifact id: '16db5748670cbd0652560c93e8809e03') in 0.020807 seconds 
  Import took 0.025649 seconds .

========================================================================
Received Import Request.
  Time since last request: 32.901957 seconds.
  path: Assets/model/cave/Cave.prefab
  artifactKey: Guid(b54175e5a3c8a794e9fbfc6dbade4bbc) Importer(815301076,1909f56bfc062723c751e8b465ee728b)
Start importing Assets/model/cave/Cave.prefab using Guid(b54175e5a3c8a794e9fbfc6dbade4bbc) Importer(815301076,1909f56bfc062723c751e8b465ee728b)  -> (artifact id: '8d64a01a486a7d5d8650f44d9e26a582') in 0.026082 seconds 
  Import took 0.031241 seconds .

